"Task Aware Debugger for GDB" version 11.9.1 (202403060848)
Copyright 2016-2023 NXP
==================================
09:50:07.976 INFO: [TadModel] DSF session ID 0 has started.
09:50:14.191 INFO: [TadState] TAD state changed: DEBUG_STARTED -> DEBUG_INIT_0 (RESUMED, USER_REQUEST)
09:50:14.215 INFO: [TadState] TAD state changed: DEBUG_INIT_0 -> DEBUG_INIT_1 (SUSPENDED, SIGNAL)
09:50:15.411 INFO: [TadState] TAD state changed: DEBUG_INIT_1 -> DEBUG_SUSPENDED (RESUMED, USER_REQUEST)
09:50:15.487 INFO: [TadState] TAD state changed: DEBUG_SUSPENDED -> DEBUG_SUSPENDED (SUSPENDED, BREAKPOINT)
09:50:18.792 INFO: [TadState] TAD state changed: DEBUG_SUSPENDED -> DEBUG_RESUMED (RESUMED, STEP)
09:50:18.952 INFO: [TadState] TAD state changed: DEBUG_RESUMED -> READY (SUSPENDED, STEP)
09:50:19.317 INFO: [TadState] TAD state changed: READY -> DEBUG_RESUMED (RESUMED, STEP)
09:50:19.385 INFO: [TadState] TAD state changed: DEBUG_RESUMED -> READY (SUSPENDED, STEP)
09:50:19.878 INFO: [TadState] TAD state changed: READY -> DEBUG_RESUMED (RESUMED, STEP)
09:50:19.959 INFO: [TadState] TAD state changed: DEBUG_RESUMED -> READY (SUSPENDED, STEP)
09:50:20.507 INFO: [TadState] TAD state changed: READY -> DEBUG_RESUMED (RESUMED, STEP)
09:50:20.566 INFO: [TadState] TAD state changed: DEBUG_RESUMED -> READY (SUSPENDED, STEP)
09:50:21.179 INFO: [TadState] TAD state changed: READY -> DEBUG_RESUMED (RESUMED, STEP)
09:50:21.292 INFO: [TadState] TAD state changed: DEBUG_RESUMED -> READY (SUSPENDED, STEP)
09:50:21.860 INFO: [TadState] TAD state changed: READY -> DEBUG_RESUMED (RESUMED, STEP)
09:50:21.947 INFO: [TadState] TAD state changed: DEBUG_RESUMED -> READY (SUSPENDED, STEP)
09:50:22.484 INFO: [TadState] TAD state changed: READY -> DEBUG_RESUMED (RESUMED, STEP)
09:50:22.577 INFO: [TadState] TAD state changed: DEBUG_RESUMED -> READY (SUSPENDED, STEP)
09:50:23.473 INFO: [TadState] TAD state changed: READY -> DEBUG_RESUMED (RESUMED, STEP)
09:50:23.602 INFO: [TadState] TAD state changed: DEBUG_RESUMED -> READY (SUSPENDED, STEP)
09:50:24.547 INFO: [TadState] TAD state changed: READY -> DEBUG_RESUMED (RESUMED, STEP)
09:50:24.653 INFO: [TadState] TAD state changed: DEBUG_RESUMED -> READY (SUSPENDED, STEP)
09:50:25.732 INFO: [TadState] TAD state changed: READY -> DEBUG_RESUMED (RESUMED, STEP)
09:50:25.813 INFO: [TadState] TAD state changed: DEBUG_RESUMED -> READY (SUSPENDED, STEP)
09:50:26.504 INFO: [TadState] TAD state changed: READY -> DEBUG_RESUMED (RESUMED, STEP)
09:50:26.578 INFO: [TadState] TAD state changed: DEBUG_RESUMED -> READY (SUSPENDED, STEP)
09:50:27.310 INFO: [TadState] TAD state changed: READY -> DEBUG_RESUMED (RESUMED, STEP)
09:50:27.384 INFO: [TadState] TAD state changed: DEBUG_RESUMED -> READY (SUSPENDED, STEP)
09:50:27.854 INFO: [TadState] TAD state changed: READY -> DEBUG_RESUMED (RESUMED, STEP)
09:50:27.943 INFO: [TadState] TAD state changed: DEBUG_RESUMED -> READY (SUSPENDED, STEP)
09:50:31.836 INFO: [TadState] TAD state changed: READY -> DEBUG_RESUMED (RESUMED, USER_REQUEST)
09:50:33.881 INFO: [TadState] TAD state changed: DEBUG_RESUMED -> READY (SUSPENDED, BREAKPOINT)
09:50:36.233 INFO: [TadState] TAD state changed: READY -> DEBUG_RESUMED (RESUMED, STEP)
09:50:36.438 INFO: [TadState] TAD state changed: DEBUG_RESUMED -> READY (SUSPENDED, STEP)
09:50:37.521 INFO: [TadState] TAD state changed: READY -> DEBUG_RESUMED (RESUMED, STEP)
09:50:37.621 INFO: [TadState] TAD state changed: DEBUG_RESUMED -> READY (SUSPENDED, STEP)
09:50:38.887 INFO: [TadState] TAD state changed: READY -> DEBUG_RESUMED (RESUMED, STEP)
09:50:39.86 INFO: [TadState] TAD state changed: DEBUG_RESUMED -> READY (SUSPENDED, STEP)
09:50:40.434 INFO: [TadState] TAD state changed: READY -> DEBUG_RESUMED (RESUMED, STEP)
09:50:40.621 INFO: [TadState] TAD state changed: DEBUG_RESUMED -> READY (SUSPENDED, STEP)
09:50:41.615 INFO: [TadState] TAD state changed: READY -> DEBUG_RESUMED (RESUMED, STEP)
09:50:41.699 INFO: [TadState] TAD state changed: DEBUG_RESUMED -> READY (SUSPENDED, STEP)
09:50:42.387 INFO: [TadState] TAD state changed: READY -> DEBUG_RESUMED (RESUMED, STEP)
09:50:42.485 INFO: [TadState] TAD state changed: DEBUG_RESUMED -> READY (SUSPENDED, STEP)
09:50:43.109 INFO: [TadState] TAD state changed: READY -> DEBUG_RESUMED (RESUMED, STEP)
09:50:43.222 INFO: [TadState] TAD state changed: DEBUG_RESUMED -> READY (SUSPENDED, STEP)
09:50:44.98 INFO: [TadState] TAD state changed: READY -> DEBUG_RESUMED (RESUMED, STEP)
09:50:44.197 INFO: [TadState] TAD state changed: DEBUG_RESUMED -> READY (SUSPENDED, STEP)
09:50:45.171 INFO: [TadState] TAD state changed: READY -> DEBUG_RESUMED (RESUMED, STEP)
09:50:45.353 INFO: [TadState] TAD state changed: DEBUG_RESUMED -> READY (SUSPENDED, STEP)
09:50:48.577 INFO: [TadState] TAD state changed: READY -> DEBUG_RESUMED (RESUMED, STEP)
09:50:48.683 INFO: [TadState] TAD state changed: DEBUG_RESUMED -> READY (SUSPENDED, STEP)
09:50:49.368 INFO: [TadState] TAD state changed: READY -> DEBUG_RESUMED (RESUMED, STEP)
09:50:49.468 INFO: [TadState] TAD state changed: DEBUG_RESUMED -> READY (SUSPENDED, STEP)
09:50:52.328 INFO: [TadState] TAD state changed: READY -> DEBUG_RESUMED (RESUMED, USER_REQUEST)
09:51:06.968 INFO: [TadModel] DSF session ID 0 has ended.
