"Task Aware Debugger for GDB" version 11.9.1 (202403060848)
Copyright 2016-2023 NXP
==================================
11:27:46.103 INFO: [TadModel] DSF session ID 4 has started.
11:27:50.676 INFO: [TadState] TAD state changed: DEBUG_STARTED -> DEBUG_INIT_0 (RESUMED, USER_REQUEST)
11:27:50.686 INFO: [TadState] TAD state changed: DEBUG_INIT_0 -> DEBUG_INIT_1 (SUSPENDED, SIGNAL)
11:27:51.239 INFO: [TadState] TAD state changed: DEBUG_INIT_1 -> DEBUG_SUSPENDED (RESUMED, USER_REQUEST)
11:27:51.270 INFO: [TadState] TAD state changed: DEBUG_SUSPENDED -> DEBUG_SUSPENDED (SUSPENDED, BREAKPOINT)
11:27:54.562 INFO: [TadState] TAD state changed: DEBUG_SUSPENDED -> DEBUG_RESUMED (RESUMED, USER_REQUEST)
11:27:54.859 INFO: [TadState] TAD state changed: DEBUG_RESUMED -> READY (SUSPENDED, BREAKPOINT)
11:27:58.67 INFO: [TadState] TAD state changed: READY -> DEBUG_RESUMED (RESUMED, STEP)
11:27:58.161 INFO: [TadState] TAD state changed: DEBUG_RESUMED -> READY (SUSPENDED, STEP)
11:27:58.875 INFO: [TadState] TAD state changed: READY -> DEBUG_RESUMED (RESUMED, STEP)
11:27:58.953 INFO: [TadState] TAD state changed: DEBUG_RESUMED -> READY (SUSPENDED, STEP)
11:27:59.925 INFO: [TadState] TAD state changed: READY -> DEBUG_RESUMED (RESUMED, STEP)
11:28:00.05 INFO: [TadState] TAD state changed: DEBUG_RESUMED -> READY (SUSPENDED, STEP)
11:28:00.520 INFO: [TadState] TAD state changed: READY -> DEBUG_RESUMED (RESUMED, STEP)
11:28:00.710 INFO: [TadState] TAD state changed: DEBUG_RESUMED -> READY (SUSPENDED, STEP)
11:28:01.181 INFO: [TadState] TAD state changed: READY -> DEBUG_RESUMED (RESUMED, STEP)
11:28:01.265 INFO: [TadState] TAD state changed: DEBUG_RESUMED -> READY (SUSPENDED, STEP)
11:28:01.702 INFO: [TadState] TAD state changed: READY -> DEBUG_RESUMED (RESUMED, STEP)
11:28:01.792 INFO: [TadState] TAD state changed: DEBUG_RESUMED -> READY (SUSPENDED, STEP)
11:28:08.268 INFO: [TadModel] DSF session ID 4 has ended.
