"Task Aware Debugger for GDB" version 11.9.1 (202403060848)
Copyright 2016-2023 NXP
==================================
14:33:35.378 INFO: [TadModel] DSF session ID 0 has started.
14:33:41.255 INFO: [TadState] TAD state changed: DEBUG_STARTED -> DEBUG_INIT_0 (RESUMED, USER_REQUEST)
14:33:41.271 INFO: [TadState] TAD state changed: DEBUG_INIT_0 -> DEBUG_INIT_1 (SUSPENDED, SIGNAL)
14:33:42.06 INFO: [TadState] TAD state changed: DEBUG_INIT_1 -> DEBUG_SUSPENDED (RESUMED, USER_REQUEST)
14:33:42.77 INFO: [TadState] TAD state changed: DEBUG_SUSPENDED -> DEBUG_SUSPENDED (SUSPENDED, BREAKPOINT)
14:33:44.884 INFO: [TadState] TAD state changed: DEBUG_SUSPENDED -> DEBUG_RESUMED (RESUMED, USER_REQUEST)
14:33:51.370 INFO: [TadState] TAD state changed: DEBUG_RESUMED -> READY (SUSPENDED, BREAKPOINT)
14:34:19.762 INFO: [TadState] TAD state changed: READY -> DEBUG_RESUMED (RESUMED, USER_REQUEST)
14:34:19.869 INFO: [TadState] TAD state changed: DEBUG_RESUMED -> READY (SUSPENDED, BREAKPOINT)
14:34:25.24 INFO: [TadState] TAD state changed: READY -> DEBUG_RESUMED (RESUMED, STEP)
14:34:25.111 INFO: [TadState] TAD state changed: DEBUG_RESUMED -> READY (SUSPENDED, STEP)
14:34:38.23 INFO: [TadState] TAD state changed: READY -> DEBUG_RESUMED (RESUMED, STEP)
14:34:38.89 INFO: [TadState] TAD state changed: DEBUG_RESUMED -> READY (SUSPENDED, STEP)
14:34:38.805 INFO: [TadState] TAD state changed: READY -> DEBUG_RESUMED (RESUMED, STEP)
14:34:38.894 INFO: [TadState] TAD state changed: DEBUG_RESUMED -> READY (SUSPENDED, STEP)
14:34:40.357 INFO: [TadState] TAD state changed: READY -> DEBUG_RESUMED (RESUMED, STEP)
14:34:40.489 INFO: [TadState] TAD state changed: DEBUG_RESUMED -> READY (SUSPENDED, STEP)
14:34:41.03 INFO: [TadState] TAD state changed: READY -> DEBUG_RESUMED (RESUMED, STEP)
14:34:41.70 INFO: [TadState] TAD state changed: DEBUG_RESUMED -> READY (SUSPENDED, STEP)
14:34:41.511 INFO: [TadState] TAD state changed: READY -> DEBUG_RESUMED (RESUMED, STEP)
14:34:41.644 INFO: [TadState] TAD state changed: DEBUG_RESUMED -> READY (SUSPENDED, STEP)
14:34:42.29 INFO: [TadState] TAD state changed: READY -> DEBUG_RESUMED (RESUMED, STEP)
14:34:42.90 INFO: [TadState] TAD state changed: DEBUG_RESUMED -> READY (SUSPENDED, STEP)
14:34:42.496 INFO: [TadState] TAD state changed: READY -> DEBUG_RESUMED (RESUMED, STEP)
14:34:42.615 INFO: [TadState] TAD state changed: DEBUG_RESUMED -> READY (SUSPENDED, STEP)
14:34:42.990 INFO: [TadState] TAD state changed: READY -> DEBUG_RESUMED (RESUMED, STEP)
14:34:43.48 INFO: [TadState] TAD state changed: DEBUG_RESUMED -> READY (SUSPENDED, STEP)
14:34:43.435 INFO: [TadState] TAD state changed: READY -> DEBUG_RESUMED (RESUMED, STEP)
14:34:43.552 INFO: [TadState] TAD state changed: DEBUG_RESUMED -> READY (SUSPENDED, STEP)
14:34:43.922 INFO: [TadState] TAD state changed: READY -> DEBUG_RESUMED (RESUMED, STEP)
14:34:43.979 INFO: [TadState] TAD state changed: DEBUG_RESUMED -> READY (SUSPENDED, STEP)
14:34:44.345 INFO: [TadState] TAD state changed: READY -> DEBUG_RESUMED (RESUMED, STEP)
14:34:44.460 INFO: [TadState] TAD state changed: DEBUG_RESUMED -> READY (SUSPENDED, STEP)
14:34:44.842 INFO: [TadState] TAD state changed: READY -> DEBUG_RESUMED (RESUMED, STEP)
14:34:44.903 INFO: [TadState] TAD state changed: DEBUG_RESUMED -> READY (SUSPENDED, STEP)
14:34:45.267 INFO: [TadState] TAD state changed: READY -> DEBUG_RESUMED (RESUMED, STEP)
14:34:45.402 INFO: [TadState] TAD state changed: DEBUG_RESUMED -> READY (SUSPENDED, STEP)
14:34:45.779 INFO: [TadState] TAD state changed: READY -> DEBUG_RESUMED (RESUMED, STEP)
14:34:45.837 INFO: [TadState] TAD state changed: DEBUG_RESUMED -> READY (SUSPENDED, STEP)
14:34:47.87 INFO: [TadState] TAD state changed: READY -> DEBUG_RESUMED (RESUMED, STEP)
14:34:47.125 INFO: [TadState] TAD state changed: DEBUG_RESUMED -> READY (SUSPENDED, STEP)
14:34:49.477 INFO: [TadState] TAD state changed: READY -> DEBUG_RESUMED (RESUMED, STEP)
14:34:49.580 INFO: [TadState] TAD state changed: DEBUG_RESUMED -> READY (SUSPENDED, STEP)
14:34:56.806 INFO: [TadState] TAD state changed: READY -> DEBUG_RESUMED (RESUMED, STEP)
14:34:56.857 INFO: [TadState] TAD state changed: DEBUG_RESUMED -> READY (SUSPENDED, STEP)
14:34:59.173 INFO: [TadState] TAD state changed: READY -> DEBUG_RESUMED (RESUMED, STEP)
14:34:59.210 INFO: [TadState] TAD state changed: DEBUG_RESUMED -> READY (SUSPENDED, STEP)
14:35:04.929 INFO: [TadState] TAD state changed: READY -> DEBUG_RESUMED (RESUMED, STEP)
14:35:05.52 INFO: [TadState] TAD state changed: DEBUG_RESUMED -> READY (SUSPENDED, STEP)
14:35:14.211 INFO: [TadModel] DSF session ID 0 has ended.
