"Task Aware Debugger for GDB" version 11.9.1 (202403060848)
Copyright 2016-2023 NXP
==================================
09:50:07.950 INFO: [TadModel] DSF session ID 0 has started.
09:50:14.191 INFO: [TadState] TAD state changed: DEBUG_STARTED -> DEBUG_INIT_0 (RESUMED, USER_REQUEST)
09:50:14.214 INFO: [TadState] TAD state changed: DEBUG_INIT_0 -> DEBUG_INIT_1 (SUSPENDED, SIGNAL)
09:50:15.411 INFO: [TadState] TAD state changed: DEBUG_INIT_1 -> DEBUG_SUSPENDED (RESUMED, USER_REQUEST)
09:50:15.486 INFO: [TadState] TAD state changed: DEBUG_SUSPENDED -> DEBUG_SUSPENDED (SUSPENDED, BREAKPOINT)
09:50:18.791 INFO: [TadState] TAD state changed: DEBUG_SUSPENDED -> DEBUG_RESUMED (RESUMED, STEP)
09:50:18.952 INFO: [TadState] TAD state changed: DEBUG_RESUMED -> READY (SUSPENDED, STEP)
09:50:19.316 INFO: [TadState] TAD state changed: READY -> DEBUG_RESUMED (RESUMED, STEP)
09:50:19.384 INFO: [TadState] TAD state changed: DEBUG_RESUMED -> READY (SUSPENDED, STEP)
09:50:19.878 INFO: [TadState] TAD state changed: READY -> DEBUG_RESUMED (RESUMED, STEP)
09:50:19.959 INFO: [TadState] TAD state changed: DEBUG_RESUMED -> READY (SUSPENDED, STEP)
09:50:20.506 INFO: [TadState] TAD state changed: READY -> DEBUG_RESUMED (RESUMED, STEP)
09:50:20.564 INFO: [TadState] TAD state changed: DEBUG_RESUMED -> READY (SUSPENDED, STEP)
09:50:21.179 INFO: [TadState] TAD state changed: READY -> DEBUG_RESUMED (RESUMED, STEP)
09:50:21.292 INFO: [TadState] TAD state changed: DEBUG_RESUMED -> READY (SUSPENDED, STEP)
09:50:21.860 INFO: [TadState] TAD state changed: READY -> DEBUG_RESUMED (RESUMED, STEP)
09:50:21.947 INFO: [TadState] TAD state changed: DEBUG_RESUMED -> READY (SUSPENDED, STEP)
09:50:22.484 INFO: [TadState] TAD state changed: READY -> DEBUG_RESUMED (RESUMED, STEP)
09:50:22.579 INFO: [TadState] TAD state changed: DEBUG_RESUMED -> READY (SUSPENDED, STEP)
09:50:23.473 INFO: [TadState] TAD state changed: READY -> DEBUG_RESUMED (RESUMED, STEP)
09:50:23.602 INFO: [TadState] TAD state changed: DEBUG_RESUMED -> READY (SUSPENDED, STEP)
09:50:24.552 INFO: [TadState] TAD state changed: READY -> DEBUG_RESUMED (RESUMED, STEP)
09:50:24.653 INFO: [TadState] TAD state changed: DEBUG_RESUMED -> READY (SUSPENDED, STEP)
09:50:25.732 INFO: [TadState] TAD state changed: READY -> DEBUG_RESUMED (RESUMED, STEP)
09:50:25.814 INFO: [TadState] TAD state changed: DEBUG_RESUMED -> READY (SUSPENDED, STEP)
09:50:26.505 INFO: [TadState] TAD state changed: READY -> DEBUG_RESUMED (RESUMED, STEP)
09:50:26.578 INFO: [TadState] TAD state changed: DEBUG_RESUMED -> READY (SUSPENDED, STEP)
09:50:27.311 INFO: [TadState] TAD state changed: READY -> DEBUG_RESUMED (RESUMED, STEP)
09:50:27.384 INFO: [TadState] TAD state changed: DEBUG_RESUMED -> READY (SUSPENDED, STEP)
09:50:27.855 INFO: [TadState] TAD state changed: READY -> DEBUG_RESUMED (RESUMED, STEP)
09:50:27.944 INFO: [TadState] TAD state changed: DEBUG_RESUMED -> READY (SUSPENDED, STEP)
09:50:31.837 INFO: [TadState] TAD state changed: READY -> DEBUG_RESUMED (RESUMED, USER_REQUEST)
09:50:33.881 INFO: [TadState] TAD state changed: DEBUG_RESUMED -> READY (SUSPENDED, BREAKPOINT)
09:50:36.233 INFO: [TadState] TAD state changed: READY -> DEBUG_RESUMED (RESUMED, STEP)
09:50:36.439 INFO: [TadState] TAD state changed: DEBUG_RESUMED -> READY (SUSPENDED, STEP)
09:50:37.521 INFO: [TadState] TAD state changed: READY -> DEBUG_RESUMED (RESUMED, STEP)
09:50:37.622 INFO: [TadState] TAD state changed: DEBUG_RESUMED -> READY (SUSPENDED, STEP)
09:50:38.888 INFO: [TadState] TAD state changed: READY -> DEBUG_RESUMED (RESUMED, STEP)
09:50:39.87 INFO: [TadState] TAD state changed: DEBUG_RESUMED -> READY (SUSPENDED, STEP)
09:50:40.434 INFO: [TadState] TAD state changed: READY -> DEBUG_RESUMED (RESUMED, STEP)
09:50:40.622 INFO: [TadState] TAD state changed: DEBUG_RESUMED -> READY (SUSPENDED, STEP)
09:50:41.615 INFO: [TadState] TAD state changed: READY -> DEBUG_RESUMED (RESUMED, STEP)
09:50:41.700 INFO: [TadState] TAD state changed: DEBUG_RESUMED -> READY (SUSPENDED, STEP)
09:50:42.388 INFO: [TadState] TAD state changed: READY -> DEBUG_RESUMED (RESUMED, STEP)
09:50:42.485 INFO: [TadState] TAD state changed: DEBUG_RESUMED -> READY (SUSPENDED, STEP)
09:50:43.110 INFO: [TadState] TAD state changed: READY -> DEBUG_RESUMED (RESUMED, STEP)
09:50:43.223 INFO: [TadState] TAD state changed: DEBUG_RESUMED -> READY (SUSPENDED, STEP)
09:50:44.99 INFO: [TadState] TAD state changed: READY -> DEBUG_RESUMED (RESUMED, STEP)
09:50:44.197 INFO: [TadState] TAD state changed: DEBUG_RESUMED -> READY (SUSPENDED, STEP)
09:50:45.172 INFO: [TadState] TAD state changed: READY -> DEBUG_RESUMED (RESUMED, STEP)
09:50:45.353 INFO: [TadState] TAD state changed: DEBUG_RESUMED -> READY (SUSPENDED, STEP)
09:50:48.579 INFO: [TadState] TAD state changed: READY -> DEBUG_RESUMED (RESUMED, STEP)
09:50:48.684 INFO: [TadState] TAD state changed: DEBUG_RESUMED -> READY (SUSPENDED, STEP)
09:50:49.368 INFO: [TadState] TAD state changed: READY -> DEBUG_RESUMED (RESUMED, STEP)
09:50:49.468 INFO: [TadState] TAD state changed: DEBUG_RESUMED -> READY (SUSPENDED, STEP)
09:50:52.329 INFO: [TadState] TAD state changed: READY -> DEBUG_RESUMED (RESUMED, USER_REQUEST)
09:51:06.961 INFO: [TadModel] DSF session ID 0 has ended.
