"Task Aware Debugger for GDB" version 11.9.1 (202403060848)
Copyright 2016-2023 NXP
==================================
17:48:31.03 INFO: [ZephyrRTOS] .config file could not be read [C:\Users\gerri\Desktop\Git\Studium\NXP\Solving_Cube\Cube_Project\Debug\.config (Das System kann die angegebene Datei nicht finden)]
17:48:31.03 INFO: [TadModel] DSF session ID 7 has started.
17:48:34.780 INFO: [TadState] TAD state changed: DEBUG_STARTED -> DEBUG_INIT_0 (RESUMED, USER_REQUEST)
17:48:34.781 INFO: [TadState] TAD state changed: DEBUG_INIT_0 -> DEBUG_INIT_1 (SUSPENDED, SIGNAL)
17:48:35.228 INFO: [TadState] TAD state changed: DEBUG_INIT_1 -> DEBUG_SUSPENDED (RESUMED, USER_REQUEST)
17:48:35.249 INFO: [TadState] TAD state changed: DEBUG_SUSPENDED -> DEBUG_SUSPENDED (SUSPENDED, BREAKPOINT)
17:48:36.940 INFO: [TadState] TAD state changed: DEBUG_SUSPENDED -> DEBUG_RESUMED (RESUMED, USER_REQUEST)
17:48:42.552 INFO: [TadState] TAD state changed: DEBUG_RESUMED -> READY (SUSPENDED, BREAKPOINT)
17:48:51.186 INFO: [TadState] TAD state changed: READY -> DEBUG_RESUMED (RESUMED, USER_REQUEST)
17:48:57.939 INFO: [TadState] TAD state changed: DEBUG_RESUMED -> READY (SUSPENDED, BREAKPOINT)
17:49:04.508 INFO: [TadState] TAD state changed: READY -> DEBUG_RESUMED (RESUMED, USER_REQUEST)
17:49:09.549 INFO: [TadState] TAD state changed: DEBUG_RESUMED -> READY (SUSPENDED, BREAKPOINT)
17:49:12.748 INFO: [TadState] TAD state changed: READY -> DEBUG_RESUMED (RESUMED, STEP)
17:49:12.787 INFO: [TadState] TAD state changed: DEBUG_RESUMED -> READY (SUSPENDED, STEP)
17:49:13.987 INFO: [TadState] TAD state changed: READY -> DEBUG_RESUMED (RESUMED, STEP)
17:49:14.23 INFO: [TadState] TAD state changed: DEBUG_RESUMED -> READY (SUSPENDED, BREAKPOINT)
17:49:21.972 INFO: [TadModel] DSF session ID 7 has ended.
