"Task Aware Debugger for GDB" version 11.9.1 (202403060848)
Copyright 2016-2023 NXP
==================================
10:01:57.576 INFO: [ZephyrRTOS] .config file could not be read [C:\Users\gerri\Desktop\Git\Cube_Solver_Robot\src\Mikrocontroller\Cube_Project\Debug\.config (Das System kann die angegebene Datei nicht finden)]
10:01:57.576 INFO: [TadModel] DSF session ID 0 has started.
10:02:03.144 INFO: [TadState] TAD state changed: DEBUG_STARTED -> DEBUG_INIT_0 (RESUMED, USER_REQUEST)
10:02:03.169 INFO: [TadState] TAD state changed: DEBUG_INIT_0 -> DEBUG_INIT_1 (SUSPENDED, SIGNAL)
10:02:03.975 INFO: [TadState] TAD state changed: DEBUG_INIT_1 -> DEBUG_SUSPENDED (RESUMED, USER_REQUEST)
10:02:04.55 INFO: [TadState] TAD state changed: DEBUG_SUSPENDED -> DEBUG_SUSPENDED (SUSPENDED, BREAKPOINT)
10:02:08.803 INFO: [TadState] TAD state changed: DEBUG_SUSPENDED -> DEBUG_RESUMED (RESUMED, STEP)
10:02:08.920 INFO: [TadState] TAD state changed: DEBUG_RESUMED -> READY (SUSPENDED, STEP)
10:02:09.435 INFO: [TadState] TAD state changed: READY -> DEBUG_RESUMED (RESUMED, STEP)
10:02:09.481 INFO: [TadState] TAD state changed: DEBUG_RESUMED -> READY (SUSPENDED, STEP)
10:02:10.50 INFO: [TadState] TAD state changed: READY -> DEBUG_RESUMED (RESUMED, STEP)
10:02:10.164 INFO: [TadState] TAD state changed: DEBUG_RESUMED -> READY (SUSPENDED, STEP)
10:02:10.631 INFO: [TadState] TAD state changed: READY -> DEBUG_RESUMED (RESUMED, STEP)
10:02:10.717 INFO: [TadState] TAD state changed: DEBUG_RESUMED -> READY (SUSPENDED, STEP)
10:02:11.570 INFO: [TadState] TAD state changed: READY -> DEBUG_RESUMED (RESUMED, STEP)
10:02:11.667 INFO: [TadState] TAD state changed: DEBUG_RESUMED -> READY (SUSPENDED, STEP)
10:02:12.478 INFO: [TadState] TAD state changed: READY -> DEBUG_RESUMED (RESUMED, STEP)
10:02:12.583 INFO: [TadState] TAD state changed: DEBUG_RESUMED -> READY (SUSPENDED, STEP)
10:02:14.436 INFO: [TadState] TAD state changed: READY -> DEBUG_RESUMED (RESUMED, STEP)
10:02:14.555 INFO: [TadState] TAD state changed: DEBUG_RESUMED -> READY (SUSPENDED, STEP)
10:02:16.317 INFO: [TadState] TAD state changed: READY -> DEBUG_RESUMED (RESUMED, STEP)
10:02:16.420 INFO: [TadState] TAD state changed: DEBUG_RESUMED -> READY (SUSPENDED, STEP)
10:02:18.246 INFO: [TadState] TAD state changed: READY -> DEBUG_RESUMED (RESUMED, STEP)
10:02:18.370 INFO: [TadState] TAD state changed: DEBUG_RESUMED -> READY (SUSPENDED, STEP)
10:02:19.380 INFO: [TadState] TAD state changed: READY -> DEBUG_RESUMED (RESUMED, STEP)
10:02:19.492 INFO: [TadState] TAD state changed: DEBUG_RESUMED -> READY (SUSPENDED, STEP)
10:02:23.307 INFO: [TadState] TAD state changed: READY -> DEBUG_RESUMED (RESUMED, STEP)
10:02:23.409 INFO: [TadState] TAD state changed: DEBUG_RESUMED -> READY (SUSPENDED, STEP)
10:02:24.679 INFO: [TadState] TAD state changed: READY -> DEBUG_RESUMED (RESUMED, STEP)
10:02:24.861 INFO: [TadState] TAD state changed: DEBUG_RESUMED -> READY (SUSPENDED, STEP)
10:02:26.288 INFO: [TadState] TAD state changed: READY -> DEBUG_RESUMED (RESUMED, STEP)
10:02:26.354 INFO: [TadState] TAD state changed: DEBUG_RESUMED -> READY (SUSPENDED, STEP)
10:02:27.177 INFO: [TadState] TAD state changed: READY -> DEBUG_RESUMED (RESUMED, STEP)
10:02:27.283 INFO: [TadState] TAD state changed: DEBUG_RESUMED -> READY (SUSPENDED, STEP)
10:02:28.562 INFO: [TadState] TAD state changed: READY -> DEBUG_RESUMED (RESUMED, STEP)
10:02:28.641 INFO: [TadState] TAD state changed: DEBUG_RESUMED -> READY (SUSPENDED, STEP)
10:02:43.194 INFO: [TadState] TAD state changed: READY -> DEBUG_RESUMED (RESUMED, STEP)
10:02:43.297 INFO: [TadState] TAD state changed: DEBUG_RESUMED -> READY (SUSPENDED, STEP)
10:02:44.402 INFO: [TadState] TAD state changed: READY -> DEBUG_RESUMED (RESUMED, STEP)
10:02:44.510 INFO: [TadState] TAD state changed: DEBUG_RESUMED -> READY (SUSPENDED, STEP)
10:02:50.965 INFO: [TadModel] DSF session ID 0 has ended.
