"Task Aware Debugger for GDB" version 11.9.1 (202403060848)
Copyright 2016-2023 NXP
==================================
10:25:26.564 INFO: [ZephyrRTOS] .config file could not be read [C:\Users\gerri\Desktop\Git\Cube_Solver_Robot\src\Mikrocontroller\Cube_Project\Debug\.config (Das System kann die angegebene Datei nicht finden)]
10:25:26.565 INFO: [TadModel] DSF session ID 1 has started.
10:25:31.410 INFO: [TadState] TAD state changed: DEBUG_STARTED -> DEBUG_INIT_0 (RESUMED, USER_REQUEST)
10:25:31.422 INFO: [TadState] TAD state changed: DEBUG_INIT_0 -> DEBUG_INIT_1 (SUSPENDED, SIGNAL)
10:25:31.976 INFO: [TadState] TAD state changed: DEBUG_INIT_1 -> DEBUG_SUSPENDED (RESUMED, USER_REQUEST)
10:25:32.12 INFO: [TadState] TAD state changed: DEBUG_SUSPENDED -> DEBUG_SUSPENDED (SUSPENDED, BREAKPOINT)
10:25:34.284 INFO: [TadState] TAD state changed: DEBUG_SUSPENDED -> DEBUG_RESUMED (RESUMED, STEP)
10:25:34.387 INFO: [TadState] TAD state changed: DEBUG_RESUMED -> READY (SUSPENDED, STEP)
10:25:34.698 INFO: [TadState] TAD state changed: READY -> DEBUG_RESUMED (RESUMED, STEP)
10:25:34.765 INFO: [TadState] TAD state changed: DEBUG_RESUMED -> READY (SUSPENDED, STEP)
10:25:35.175 INFO: [TadState] TAD state changed: READY -> DEBUG_RESUMED (RESUMED, STEP)
10:25:35.259 INFO: [TadState] TAD state changed: DEBUG_RESUMED -> READY (SUSPENDED, STEP)
10:25:35.667 INFO: [TadState] TAD state changed: READY -> DEBUG_RESUMED (RESUMED, STEP)
10:25:35.756 INFO: [TadState] TAD state changed: DEBUG_RESUMED -> READY (SUSPENDED, STEP)
10:25:36.158 INFO: [TadState] TAD state changed: READY -> DEBUG_RESUMED (RESUMED, STEP)
10:25:36.248 INFO: [TadState] TAD state changed: DEBUG_RESUMED -> READY (SUSPENDED, STEP)
10:25:36.659 INFO: [TadState] TAD state changed: READY -> DEBUG_RESUMED (RESUMED, STEP)
10:25:36.735 INFO: [TadState] TAD state changed: DEBUG_RESUMED -> READY (SUSPENDED, STEP)
10:25:37.127 INFO: [TadState] TAD state changed: READY -> DEBUG_RESUMED (RESUMED, STEP)
10:25:37.234 INFO: [TadState] TAD state changed: DEBUG_RESUMED -> READY (SUSPENDED, STEP)
10:25:37.888 INFO: [TadState] TAD state changed: READY -> DEBUG_RESUMED (RESUMED, STEP)
10:25:38.24 INFO: [TadState] TAD state changed: DEBUG_RESUMED -> READY (SUSPENDED, STEP)
10:25:45.612 INFO: [TadState] TAD state changed: READY -> DEBUG_RESUMED (RESUMED, STEP)
10:25:45.704 INFO: [TadState] TAD state changed: DEBUG_RESUMED -> READY (SUSPENDED, STEP)
10:28:29.799 INFO: [TadState] TAD state changed: READY -> DEBUG_RESUMED (RESUMED, STEP)
10:28:29.858 INFO: [TadState] TAD state changed: DEBUG_RESUMED -> READY (SUSPENDED, STEP)
10:28:30.702 INFO: [TadState] TAD state changed: READY -> DEBUG_RESUMED (RESUMED, STEP)
10:28:30.761 INFO: [TadState] TAD state changed: DEBUG_RESUMED -> READY (SUSPENDED, STEP)
10:36:55.723 INFO: [TadState] TAD state changed: READY -> DEBUG_RESUMED (RESUMED, STEP)
10:36:55.865 INFO: [TadState] TAD state changed: DEBUG_RESUMED -> READY (SUSPENDED, STEP)
10:36:56.470 INFO: [TadState] TAD state changed: READY -> DEBUG_RESUMED (RESUMED, STEP)
10:36:56.548 INFO: [TadState] TAD state changed: DEBUG_RESUMED -> READY (SUSPENDED, STEP)
10:36:57.220 INFO: [TadState] TAD state changed: READY -> DEBUG_RESUMED (RESUMED, STEP)
10:36:57.314 INFO: [TadState] TAD state changed: DEBUG_RESUMED -> READY (SUSPENDED, STEP)
10:36:57.808 INFO: [TadState] TAD state changed: READY -> DEBUG_RESUMED (RESUMED, STEP)
10:36:57.864 INFO: [TadState] TAD state changed: DEBUG_RESUMED -> READY (SUSPENDED, STEP)
10:43:05.348 INFO: [TadState] TAD state changed: READY -> DEBUG_RESUMED (RESUMED, USER_REQUEST)
10:43:05.357 INFO: [TadState] TAD state changed: DEBUG_RESUMED -> READY (SUSPENDED, ERROR)
10:43:10.421 INFO: [TadModel] DSF session ID 1 has ended.
